100.07.10 10:56 B c:\contest\public_html\problem\taiwan\taiwan98a.zip <-- par-contest /usr/home/contest/public_html/problem/taiwan taiwan98a.zip
100.07.10 10:56 B c:\contest\public_html\problem\taiwan\taiwan98c.zip <-- par-contest /usr/home/contest/public_html/problem/taiwan taiwan98c.zip
100.07.10 10:56 B c:\contest\public_html\problem\taiwan\taiwan99e.zip <-- par-contest /usr/home/contest/public_html/problem/taiwan taiwan99e.zip
100.07.10 11:20 B c:\contest\public_html\problem\taiwan\taiwan99a.zip --> par.cse.nsysu.edu.tw /usr/home/contest/public_html/problem/taiwan taiwan99a.zip
100.07.10 12:44 B c:\contest\public_html\problem\taiwan\taiwan98a.zip --> par.cse.nsysu.edu.tw /usr/home/contest/public_html/problem/taiwan taiwan98a.zip
100.07.10 12:44 B c:\contest\public_html\problem\taiwan\taiwan98c.zip --> par.cse.nsysu.edu.tw /usr/home/contest/public_html/problem/taiwan taiwan98c.zip
100.07.10 12:44 B c:\contest\public_html\problem\taiwan\taiwan99a.zip --> par.cse.nsysu.edu.tw /usr/home/contest/public_html/problem/taiwan taiwan99a.zip
100.07.10 12:44 B c:\contest\public_html\problem\taiwan\taiwan99b.zip --> par.cse.nsysu.edu.tw /usr/home/contest/public_html/problem/taiwan taiwan99b.zip
100.07.10 12:44 B c:\contest\public_html\problem\taiwan\taiwan99c.zip --> par.cse.nsysu.edu.tw /usr/home/contest/public_html/problem/taiwan taiwan99c.zip
100.07.10 12:44 B c:\contest\public_html\problem\taiwan\taiwan99d.zip --> par.cse.nsysu.edu.tw /usr/home/contest/public_html/problem/taiwan taiwan99d.zip
100.07.10 12:44 B c:\contest\public_html\problem\taiwan\taiwan99e.zip --> par.cse.nsysu.edu.tw /usr/home/contest/public_html/problem/taiwan taiwan99e.zip
100.07.13 19:58 B H:\contest\public_html\problem\taiwan\taiwan95a.doc --> par.cse.nsysu.edu.tw /usr/home/contest/public_html/problem/taiwan/taiwan taiwan95a.doc
100.07.13 19:58 A H:\contest\public_html\problem\taiwan\taiwan96a.ps --> par.cse.nsysu.edu.tw /usr/home/contest/public_html/problem/taiwan/taiwan taiwan96a.ps
100.07.13 19:58 A H:\contest\public_html\problem\taiwan\taiwan96a.tex --> par.cse.nsysu.edu.tw /usr/home/contest/public_html/problem/taiwan/taiwan taiwan96a.tex
100.07.13 19:58 B H:\contest\public_html\problem\taiwan\taiwan97a.zip --> par.cse.nsysu.edu.tw /usr/home/contest/public_html/problem/taiwan/taiwan taiwan97a.zip
100.07.13 19:58 B H:\contest\public_html\problem\taiwan\taiwan97c.zip --> par.cse.nsysu.edu.tw /usr/home/contest/public_html/problem/taiwan/taiwan taiwan97c.zip
100.07.13 19:58 B H:\contest\public_html\problem\taiwan\taiwan98a.pdf --> par.cse.nsysu.edu.tw /usr/home/contest/public_html/problem/taiwan/taiwan taiwan98a.pdf
100.07.13 19:58 B H:\contest\public_html\problem\taiwan\taiwan98adata.zip --> par.cse.nsysu.edu.tw /usr/home/contest/public_html/problem/taiwan/taiwan taiwan98adata.zip
100.07.13 19:58 B H:\contest\public_html\problem\taiwan\taiwan98c.pdf --> par.cse.nsysu.edu.tw /usr/home/contest/public_html/problem/taiwan/taiwan taiwan98c.pdf
100.07.13 19:58 B H:\contest\public_html\problem\taiwan\taiwan98cdata.zip --> par.cse.nsysu.edu.tw /usr/home/contest/public_html/problem/taiwan/taiwan taiwan98cdata.zip
100.07.13 19:58 B H:\contest\public_html\problem\taiwan\taiwan99a.zip --> par.cse.nsysu.edu.tw /usr/home/contest/public_html/problem/taiwan/taiwan taiwan99a.zip
100.07.13 19:58 B H:\contest\public_html\problem\taiwan\taiwan99b.zip --> par.cse.nsysu.edu.tw /usr/home/contest/public_html/problem/taiwan/taiwan taiwan99b.zip
100.07.13 19:58 B H:\contest\public_html\problem\taiwan\taiwan99c.zip --> par.cse.nsysu.edu.tw /usr/home/contest/public_html/problem/taiwan/taiwan taiwan99c.zip
100.07.13 19:58 B H:\contest\public_html\problem\taiwan\taiwan99d.zip --> par.cse.nsysu.edu.tw /usr/home/contest/public_html/problem/taiwan/taiwan taiwan99d.zip
100.07.13 19:58 B H:\contest\public_html\problem\taiwan\taiwan99e.zip --> par.cse.nsysu.edu.tw /usr/home/contest/public_html/problem/taiwan/taiwan taiwan99e.zip
100.07.13 19:58 B H:\contest\public_html\problem\taiwan\WS_FTP.LOG --> par.cse.nsysu.edu.tw /usr/home/contest/public_html/problem/taiwan/taiwan WS_FTP.LOG
100.07.13 20:00 B H:\contest\public_html\problem\taiwan\taiwan95a.doc --> par.cse.nsysu.edu.tw /usr/home/contest/public_html/problem/taiwan taiwan95a.doc
100.07.13 20:00 A H:\contest\public_html\problem\taiwan\taiwan96a.ps --> par.cse.nsysu.edu.tw /usr/home/contest/public_html/problem/taiwan taiwan96a.ps
100.07.13 20:00 A H:\contest\public_html\problem\taiwan\taiwan96a.tex --> par.cse.nsysu.edu.tw /usr/home/contest/public_html/problem/taiwan taiwan96a.tex
100.07.13 20:00 B H:\contest\public_html\problem\taiwan\taiwan97a.zip --> par.cse.nsysu.edu.tw /usr/home/contest/public_html/problem/taiwan taiwan97a.zip
100.07.13 20:00 B H:\contest\public_html\problem\taiwan\taiwan97c.zip --> par.cse.nsysu.edu.tw /usr/home/contest/public_html/problem/taiwan taiwan97c.zip
100.07.13 20:00 B H:\contest\public_html\problem\taiwan\taiwan98a.pdf --> par.cse.nsysu.edu.tw /usr/home/contest/public_html/problem/taiwan taiwan98a.pdf
100.07.13 20:00 B H:\contest\public_html\problem\taiwan\taiwan98adata.zip --> par.cse.nsysu.edu.tw /usr/home/contest/public_html/problem/taiwan taiwan98adata.zip
100.07.13 20:00 B H:\contest\public_html\problem\taiwan\taiwan98c.pdf --> par.cse.nsysu.edu.tw /usr/home/contest/public_html/problem/taiwan taiwan98c.pdf
100.07.13 20:00 B H:\contest\public_html\problem\taiwan\taiwan98cdata.zip --> par.cse.nsysu.edu.tw /usr/home/contest/public_html/problem/taiwan taiwan98cdata.zip
