99.10.14 20:29 B C:\cbyang\web2\p5軟體競賽\#haccess.ctl <-- par-cby /usr/home/cby/public_html/p5軟體競賽 #haccess.ctl
99.10.14 20:29 B C:\cbyang\web2\p5軟體競賽\backmenu1.gif <-- par-cby /usr/home/cby/public_html/p5軟體競賽 backmenu1.gif
99.10.14 20:29 B C:\cbyang\web2\p5軟體競賽\backmenu2.gif <-- par-cby /usr/home/cby/public_html/p5軟體競賽 backmenu2.gif
99.10.14 20:29 A C:\cbyang\web2\p5軟體競賽\p5軟體競賽.htm <-- par-cby /usr/home/cby/public_html/p5軟體競賽 p5軟體競賽.htm
99.10.14 20:29 B C:\cbyang\web2\p5軟體競賽\主機.gif <-- par-cby /usr/home/cby/public_html/p5軟體競賽 主機.gif
99.10.14 20:29 B C:\cbyang\web2\p5軟體競賽\回楊昌彪首頁1.gif <-- par-cby /usr/home/cby/public_html/p5軟體競賽 回楊昌彪首頁1.gif
99.10.14 20:29 B C:\cbyang\web2\p5軟體競賽\回楊昌彪首頁2.gif <-- par-cby /usr/home/cby/public_html/p5軟體競賽 回楊昌彪首頁2.gif
99.10.14 20:29 B C:\cbyang\web2\p5軟體競賽\軟體競賽.jpg <-- par-cby /usr/home/cby/public_html/p5軟體競賽 軟體競賽.jpg
99.10.14 20:29 B C:\cbyang\web2\p5軟體競賽\滑鼠.gif <-- par-cby /usr/home/cby/public_html/p5軟體競賽 滑鼠.gif
99.10.14 20:29 B C:\cbyang\web2\p5軟體競賽\螢幕.gif <-- par-cby /usr/home/cby/public_html/p5軟體競賽 螢幕.gif
99.10.14 20:29 B C:\cbyang\web2\p5軟體競賽\鍵盤.gif <-- par-cby /usr/home/cby/public_html/p5軟體競賽 鍵盤.gif
99.10.24 20:38 B c:\cbyang\web2\p5軟體競賽\#haccess.ctl <-- par-cby /usr/home/cby/public_html/p5軟體競賽 #haccess.ctl
99.10.24 20:38 B c:\cbyang\web2\p5軟體競賽\back1.gif <-- par-cby /usr/home/cby/public_html/p5軟體競賽 back1.gif
99.10.24 20:38 B c:\cbyang\web2\p5軟體競賽\back2.gif <-- par-cby /usr/home/cby/public_html/p5軟體競賽 back2.gif
99.10.24 20:38 B c:\cbyang\web2\p5軟體競賽\backmenu1.gif <-- par-cby /usr/home/cby/public_html/p5軟體競賽 backmenu1.gif
99.10.24 20:38 B c:\cbyang\web2\p5軟體競賽\backmenu2.gif <-- par-cby /usr/home/cby/public_html/p5軟體競賽 backmenu2.gif
99.10.24 20:38 A c:\cbyang\web2\p5軟體競賽\p5軟體競賽.htm <-- par-cby /usr/home/cby/public_html/p5軟體競賽 p5軟體競賽.htm
99.10.24 20:38 B c:\cbyang\web2\p5軟體競賽\主機.gif <-- par-cby /usr/home/cby/public_html/p5軟體競賽 主機.gif
99.10.24 20:38 B c:\cbyang\web2\p5軟體競賽\軟體競賽.jpg <-- par-cby /usr/home/cby/public_html/p5軟體競賽 軟體競賽.jpg
99.10.24 20:38 B c:\cbyang\web2\p5軟體競賽\滑鼠.gif <-- par-cby /usr/home/cby/public_html/p5軟體競賽 滑鼠.gif
99.10.24 20:38 B c:\cbyang\web2\p5軟體競賽\螢幕.gif <-- par-cby /usr/home/cby/public_html/p5軟體競賽 螢幕.gif
99.10.24 20:38 B c:\cbyang\web2\p5軟體競賽\鍵盤.gif <-- par-cby /usr/home/cby/public_html/p5軟體競賽 鍵盤.gif
100.05.06 18:17 B c:\cbyang\public_html\p5軟體競賽\cbyhome.gif --> par.cse.nsysu.edu.tw /usr/home/cbyang/public_html/p5軟體競賽 cbyhome.gif
100.05.06 18:17 B c:\cbyang\public_html\p5軟體競賽\cbyindex.gif --> par.cse.nsysu.edu.tw /usr/home/cbyang/public_html/p5軟體競賽 cbyindex.gif
100.05.06 18:17 B c:\cbyang\public_html\p5軟體競賽\dot2.gif --> par.cse.nsysu.edu.tw /usr/home/cbyang/public_html/p5軟體競賽 dot2.gif
100.05.06 18:17 A c:\cbyang\public_html\p5軟體競賽\p5軟體競賽.htm --> par.cse.nsysu.edu.tw /usr/home/cbyang/public_html/p5軟體競賽 p5軟體競賽.htm
100.05.06 18:17 B c:\cbyang\public_html\p5軟體競賽\蘋果.gif --> par.cse.nsysu.edu.tw /usr/home/cbyang/public_html/p5軟體競賽 蘋果.gif
100.05.06 18:20 A c:\cbyang\public_html\p5軟體競賽\p5軟體競賽.htm --> par.cse.nsysu.edu.tw /usr/home/cbyang/public_html/p5軟體競賽 p5軟體競賽.htm
100.05.06 18:30 A c:\cbyang\public_html\p5軟體競賽\p5軟體競賽.htm --> par.cse.nsysu.edu.tw /usr/home/cbyang/public_html/p5軟體競賽 p5軟體競賽.htm
100.05.06 18:34 A c:\cbyang\public_html\p5軟體競賽\p5軟體競賽.htm --> par.cse.nsysu.edu.tw /usr/home/cbyang/public_html/p5軟體競賽 p5軟體競賽.htm
100.07.08 19:55 B H:\cbyang\public_html\p5軟體競賽\#haccess.ctl --> par.cse.nsysu.edu.tw /usr/home/contest/public_html #haccess.ctl
100.07.08 19:55 B H:\cbyang\public_html\p5軟體競賽\back1.gif --> par.cse.nsysu.edu.tw /usr/home/contest/public_html back1.gif
100.07.08 19:55 B H:\cbyang\public_html\p5軟體競賽\back2.gif --> par.cse.nsysu.edu.tw /usr/home/contest/public_html back2.gif
100.07.08 19:55 B H:\cbyang\public_html\p5軟體競賽\backmenu1.gif --> par.cse.nsysu.edu.tw /usr/home/contest/public_html backmenu1.gif
100.07.08 19:55 B H:\cbyang\public_html\p5軟體競賽\backmenu2.gif --> par.cse.nsysu.edu.tw /usr/home/contest/public_html backmenu2.gif
100.07.08 19:55 B H:\cbyang\public_html\p5軟體競賽\cbyhome.gif --> par.cse.nsysu.edu.tw /usr/home/contest/public_html cbyhome.gif
100.07.08 19:55 B H:\cbyang\public_html\p5軟體競賽\cbyindex.gif --> par.cse.nsysu.edu.tw /usr/home/contest/public_html cbyindex.gif
100.07.08 19:55 B H:\cbyang\public_html\p5軟體競賽\dot2.gif --> par.cse.nsysu.edu.tw /usr/home/contest/public_html dot2.gif
100.07.08 19:55 A H:\cbyang\public_html\p5軟體競賽\p5軟體競賽.htm --> par.cse.nsysu.edu.tw /usr/home/contest/public_html p5軟體競賽.htm
