99.10.14 20:29 A C:\cbyang\web2\p5軟體競賽\data\contest_report.htm <-- par-cby /usr/home/cby/public_html/p5軟體競賽/data contest_report.htm
99.10.14 20:29 B C:\cbyang\web2\p5軟體競賽\data\nsysu96.doc <-- par-cby /usr/home/cby/public_html/p5軟體競賽/data nsysu96.doc
99.10.14 20:29 B C:\cbyang\web2\p5軟體競賽\data\nsysu97.doc <-- par-cby /usr/home/cby/public_html/p5軟體競賽/data nsysu97.doc
99.10.14 20:29 B C:\cbyang\web2\p5軟體競賽\data\nsysu98.doc <-- par-cby /usr/home/cby/public_html/p5軟體競賽/data nsysu98.doc
99.10.24 20:38 A c:\cbyang\web2\p5軟體競賽\data\contest_report.htm <-- par-cby /usr/home/cby/public_html/p5軟體競賽/data contest_report.htm
99.10.24 20:38 B c:\cbyang\web2\p5軟體競賽\data\nsysu96.doc <-- par-cby /usr/home/cby/public_html/p5軟體競賽/data nsysu96.doc
99.10.24 20:38 B c:\cbyang\web2\p5軟體競賽\data\nsysu97.doc <-- par-cby /usr/home/cby/public_html/p5軟體競賽/data nsysu97.doc
99.10.24 20:38 B c:\cbyang\web2\p5軟體競賽\data\nsysu98.doc <-- par-cby /usr/home/cby/public_html/p5軟體競賽/data nsysu98.doc
100.05.06 18:31 B c:\cbyang\public_html\p5軟體競賽\data\nsysu98data.zip --> par.cse.nsysu.edu.tw /usr/home/cbyang/public_html/p5軟體競賽 nsysu98data.zip
100.05.06 18:31 B c:\cbyang\public_html\p5軟體競賽\data\nsysu99.doc --> par.cse.nsysu.edu.tw /usr/home/cbyang/public_html/p5軟體競賽 nsysu99.doc
100.05.06 18:31 B c:\cbyang\public_html\p5軟體競賽\data\nsysu99data.zip --> par.cse.nsysu.edu.tw /usr/home/cbyang/public_html/p5軟體競賽 nsysu99data.zip
100.05.06 18:33 B c:\cbyang\public_html\p5軟體競賽\data\nsysu98data.zip --> par.cse.nsysu.edu.tw /usr/home/cbyang/public_html/p5軟體競賽/data nsysu98data.zip
100.05.06 18:33 B c:\cbyang\public_html\p5軟體競賽\data\nsysu99.doc --> par.cse.nsysu.edu.tw /usr/home/cbyang/public_html/p5軟體競賽/data nsysu99.doc
100.05.06 18:33 B c:\cbyang\public_html\p5軟體競賽\data\nsysu99data.zip --> par.cse.nsysu.edu.tw /usr/home/cbyang/public_html/p5軟體競賽/data nsysu99data.zip
100.07.08 19:55 A H:\cbyang\public_html\p5軟體競賽\data\contest_report.htm --> par.cse.nsysu.edu.tw /usr/home/contest/public_html/data contest_report.htm
100.07.08 19:55 B H:\cbyang\public_html\p5軟體競賽\data\nsysu96.doc --> par.cse.nsysu.edu.tw /usr/home/contest/public_html/data nsysu96.doc
100.07.08 19:55 B H:\cbyang\public_html\p5軟體競賽\data\nsysu97.doc --> par.cse.nsysu.edu.tw /usr/home/contest/public_html/data nsysu97.doc
100.07.08 19:55 B H:\cbyang\public_html\p5軟體競賽\data\nsysu98.doc --> par.cse.nsysu.edu.tw /usr/home/contest/public_html/data nsysu98.doc
100.07.08 19:55 B H:\cbyang\public_html\p5軟體競賽\data\nsysu98data.zip --> par.cse.nsysu.edu.tw /usr/home/contest/public_html/data nsysu98data.zip
100.07.08 19:55 B H:\cbyang\public_html\p5軟體競賽\data\nsysu99.doc --> par.cse.nsysu.edu.tw /usr/home/contest/public_html/data nsysu99.doc
100.07.08 19:55 B H:\cbyang\public_html\p5軟體競賽\data\nsysu99data.zip --> par.cse.nsysu.edu.tw /usr/home/contest/public_html/data nsysu99data.zip
